<?xml version="1.0" encoding="UTF-8"?>
<testng-results skipped="0" failed="0" ignored="0" total="2" passed="2">
  <reporter-output>
  </reporter-output>
  <suite name="Suite" duration-ms="510047" started-at="2020-09-23T19:19:22 IST" finished-at="2020-09-23T19:27:52 IST">
    <groups>
    </groups>
    <test name="Ixigo AirLines Booking" duration-ms="510047" started-at="2020-09-23T19:19:22 IST" finished-at="2020-09-23T19:27:52 IST">
      <class name="xpheno.testcases.DemoTest">
        <test-method status="PASS" signature="initialize()[pri:0, instance:xpheno.testcases.DemoTest@5669c5fb]" name="initialize" is-config="true" duration-ms="6769" started-at="2020-09-23T19:19:22 IST" finished-at="2020-09-23T19:19:28 IST">
          <reporter-output>
          </reporter-output>
        </test-method> <!-- initialize -->
        <test-method status="PASS" signature="launchApplicationAndValidate()[pri:1, instance:xpheno.testcases.DemoTest@5669c5fb]" name="launchApplicationAndValidate" duration-ms="6848" started-at="2020-09-23T19:19:28 IST" finished-at="2020-09-23T19:19:35 IST">
          <reporter-output>
          </reporter-output>
        </test-method> <!-- launchApplicationAndValidate -->
        <test-method status="PASS" signature="booking()[pri:2, instance:xpheno.testcases.DemoTest@5669c5fb]" name="booking" duration-ms="495772" started-at="2020-09-23T19:19:35 IST" finished-at="2020-09-23T19:27:51 IST">
          <reporter-output>
          </reporter-output>
        </test-method> <!-- booking -->
        <test-method status="PASS" signature="tearDown()[pri:0, instance:xpheno.testcases.DemoTest@5669c5fb]" name="tearDown" is-config="true" duration-ms="561" started-at="2020-09-23T19:27:51 IST" finished-at="2020-09-23T19:27:52 IST">
          <reporter-output>
          </reporter-output>
        </test-method> <!-- tearDown -->
      </class> <!-- xpheno.testcases.DemoTest -->
    </test> <!-- Ixigo AirLines Booking -->
  </suite> <!-- Suite -->
</testng-results>
