<?xml version="1.0" encoding="UTF-8"?>
<testng-results skipped="0" failed="0" ignored="0" total="2" passed="2">
  <reporter-output>
  </reporter-output>
  <suite name="Default suite" duration-ms="24544" started-at="2020-09-18T22:00:23 IST" finished-at="2020-09-18T22:00:47 IST">
    <groups>
    </groups>
    <test name="Default test" duration-ms="24544" started-at="2020-09-18T22:00:23 IST" finished-at="2020-09-18T22:00:47 IST">
      <class name="xpheno.testcases.DemoTest">
        <test-method status="PASS" signature="initialize()[pri:0, instance:xpheno.testcases.DemoTest@7f36662c]" name="initialize" is-config="true" duration-ms="8373" started-at="2020-09-18T22:00:23 IST" finished-at="2020-09-18T22:00:31 IST">
          <reporter-output>
          </reporter-output>
        </test-method> <!-- initialize -->
        <test-method status="PASS" signature="launchApplicationAndValidate()[pri:1, instance:xpheno.testcases.DemoTest@7f36662c]" name="launchApplicationAndValidate" duration-ms="5703" started-at="2020-09-18T22:00:31 IST" finished-at="2020-09-18T22:00:37 IST">
          <reporter-output>
          </reporter-output>
        </test-method> <!-- launchApplicationAndValidate -->
        <test-method status="PASS" signature="booking()[pri:2, instance:xpheno.testcases.DemoTest@7f36662c]" name="booking" duration-ms="7446" started-at="2020-09-18T22:00:37 IST" finished-at="2020-09-18T22:00:44 IST">
          <reporter-output>
          </reporter-output>
        </test-method> <!-- booking -->
        <test-method status="PASS" signature="tearDown()[pri:0, instance:xpheno.testcases.DemoTest@7f36662c]" name="tearDown" is-config="true" duration-ms="2919" started-at="2020-09-18T22:00:44 IST" finished-at="2020-09-18T22:00:47 IST">
          <reporter-output>
          </reporter-output>
        </test-method> <!-- tearDown -->
      </class> <!-- xpheno.testcases.DemoTest -->
    </test> <!-- Default test -->
  </suite> <!-- Default suite -->
</testng-results>
